.m2\repository\org\checkerframework\checker-qual\3.31.0\checker-qual-3.31.0.jar
.m2\repository\com\fasterxml\classmate\1.6.0\classmate-1.6.0.jar
.m2\repository\org\apache\commons\commons-dbcp2\2.10.0\commons-dbcp2-2.10.0.jar
.m2\repository\org\apache\commons\commons-pool2\2.12.0\commons-pool2-2.12.0.jar
.m2\repository\com\h2database\h2\2.2.224\h2-2.2.224.jar
.m2\repository\org\hdrhistogram\HdrHistogram\2.1.12\HdrHistogram-2.1.12.jar
.m2\repository\org\hibernate\validator\hibernate-validator\8.0.1.Final\hibernate-validator-8.0.1.Final.jar
.m2\repository\org\glassfish\jakarta.el\4.0.2\jakarta.el-4.0.2.jar
.m2\repository\jakarta\el\jakarta.el-api\4.0.0\jakarta.el-api-4.0.0.jar
.m2\repository\jakarta\inject\jakarta.inject-api\2.0.1\jakarta.inject-api-2.0.1.jar
.m2\repository\jakarta\transaction\jakarta.transaction-api\2.0.1\jakarta.transaction-api-2.0.1.jar
.m2\repository\jakarta\validation\jakarta.validation-api\3.0.2\jakarta.validation-api-3.0.2.jar
.m2\repository\org\jboss\logging\jboss-logging\3.5.3.Final\jboss-logging-3.5.3.Final.jar
.m2\repository\org\slf4j\jcl-over-slf4j\2.0.11\jcl-over-slf4j-2.0.11.jar
.m2\repository\org\latencyutils\LatencyUtils\2.0.3\LatencyUtils-2.0.3.jar
.m2\repository\ch\qos\logback\logback-classic\1.4.14\logback-classic-1.4.14.jar
.m2\repository\ch\qos\logback\logback-core\1.4.14\logback-core-1.4.14.jar
.m2\repository\io\micrometer\micrometer-commons\1.12.2\micrometer-commons-1.12.2.jar
.m2\repository\io\micrometer\micrometer-core\1.12.2\micrometer-core-1.12.2.jar
.m2\repository\io\micrometer\micrometer-observation\1.12.2\micrometer-observation-1.12.2.jar
.m2\repository\org\mybatis\mybatis\3.5.15\mybatis-3.5.15.jar
.m2\repository\org\mybatis\mybatis-spring\3.0.3\mybatis-spring-3.0.3.jar
.m2\repository\org\postgresql\postgresql\42.6.0\postgresql-42.6.0.jar
.m2\repository\org\slf4j\slf4j-api\2.0.12\slf4j-api-2.0.12.jar
.m2\repository\org\springframework\spring-aop\6.1.3\spring-aop-6.1.3.jar
.m2\repository\org\springframework\batch\spring-batch-core\5.1.0\spring-batch-core-5.1.0.jar
.m2\repository\org\springframework\batch\spring-batch-infrastructure\5.1.0\spring-batch-infrastructure-5.1.0.jar
.m2\repository\org\springframework\spring-beans\6.1.3\spring-beans-6.1.3.jar
.m2\repository\org\springframework\spring-context\6.1.3\spring-context-6.1.3.jar
.m2\repository\org\springframework\spring-core\6.1.3\spring-core-6.1.3.jar
.m2\repository\org\springframework\spring-expression\6.1.3\spring-expression-6.1.3.jar
.m2\repository\org\springframework\spring-jcl\6.1.3\spring-jcl-6.1.3.jar
.m2\repository\org\springframework\spring-jdbc\6.1.3\spring-jdbc-6.1.3.jar
.m2\repository\org\springframework\retry\spring-retry\2.0.5\spring-retry-2.0.5.jar
.m2\repository\org\springframework\spring-tx\6.1.3\spring-tx-6.1.3.jar
.m2\repository\org\terasoluna\batch\terasoluna-batch\5.6.0.RELEASE\terasoluna-batch-5.6.0.RELEASE.jar